<?xml version="1.0" encoding="UTF-8"?>
<!-- Generated by org.testng.reporters.JUnitReportReporter -->
<testsuite skipped="0" hostname="DESKTOP-KEHHS9M" name="com.amazon.tests.HomePageTest" tests="2" failures="0" timestamp="18 Jul 2020 08:40:48 GMT" time="88.602" errors="0">
  <testcase name="loginWithValidCredentials" time="26.665" classname="com.amazon.tests.HomePageTest"/>
  <testcase name="searchfnctionlty" time="61.937" classname="com.amazon.tests.HomePageTest"/>
</testsuite> <!-- com.amazon.tests.HomePageTest -->
