<?xml version="1.0" encoding="UTF-8"?>
<!-- Generated by org.testng.reporters.JUnitReportReporter -->
<testsuite skipped="0" hostname="DESKTOP-KEHHS9M" name="com.amazon.base.Driver" tests="1" failures="0" timestamp="17 Jul 2020 17:37:50 GMT" time="0.008" errors="0">
  <testcase name="printCap" time="0.008" classname="com.amazon.base.Driver"/>
</testsuite> <!-- com.amazon.base.Driver -->
